<?xml version="1.0" encoding="UTF-8"?>
<!-- Generated by org.testng.reporters.JUnitXMLReporter -->
<testsuite hostname="Yuli" ignored="0" name="Default test" tests="4" failures="0" timestamp="07 mar 2020 15:06:31 GMT" time="83.601" errors="0">
  <testcase name="LoginTest" time="3.398" classname="Testcases.UsersTestE2E"/>
  <testcase name="CreateUserTest" time="8.463" classname="Testcases.UsersTestE2E"/>
  <testcase name="ValidateUserTest" time="20.987" classname="Testcases.UsersTestE2E"/>
  <testcase name="DeleteUserTest" time="44.24" classname="Testcases.UsersTestE2E"/>
</testsuite> <!-- Default test -->
