<?xml version="1.0" encoding="UTF-8"?>
<testng-results skipped="0" failed="0" ignored="0" total="4" passed="4">
  <reporter-output>
  </reporter-output>
  <suite name="Default suite" duration-ms="83601" started-at="2020-03-07T15:05:08Z" finished-at="2020-03-07T15:06:31Z">
    <groups>
    </groups>
    <test name="Default test" duration-ms="83601" started-at="2020-03-07T15:05:08Z" finished-at="2020-03-07T15:06:31Z">
      <class name="Testcases.UsersTestE2E">
        <test-method status="PASS" signature="setUpReports(org.testng.ITestContext)[pri:0, instance:Testcases.UsersTestE2E@5e3f861]" name="setUpReports" is-config="true" duration-ms="119" started-at="2020-03-07T15:05:08Z" finished-at="2020-03-07T15:05:08Z">
          <params>
            <param index="0">
              <value>
                <![CDATA[org.testng.TestRunner@ccb4b1b]]>
              </value>
            </param>
          </params>
          <reporter-output>
          </reporter-output>
        </test-method> <!-- setUpReports -->
        <test-method status="PASS" signature="setUp()[pri:0, instance:Testcases.UsersTestE2E@5e3f861]" name="setUp" is-config="true" duration-ms="3477" started-at="2020-03-07T15:05:08Z" finished-at="2020-03-07T15:05:11Z">
          <reporter-output>
          </reporter-output>
        </test-method> <!-- setUp -->
        <test-method status="PASS" signature="LoginTest()[pri:1, instance:Testcases.UsersTestE2E@5e3f861]" name="LoginTest" duration-ms="3398" started-at="2020-03-07T15:05:11Z" description="Login Test" finished-at="2020-03-07T15:05:15Z">
          <reporter-output>
          </reporter-output>
        </test-method> <!-- LoginTest -->
        <test-method status="PASS" signature="getResult(org.testng.ITestResult)[pri:0, instance:Testcases.UsersTestE2E@5e3f861]" name="getResult" is-config="true" duration-ms="19" started-at="2020-03-07T15:05:15Z" finished-at="2020-03-07T15:05:15Z">
          <params>
            <param index="0">
              <value>
                <![CDATA[[TestResult name=LoginTest status=SUCCESS method=UsersTestE2E.LoginTest()[pri:1, instance:Testcases.UsersTestE2E@5e3f861] output={null}]]]>
              </value>
            </param>
          </params>
          <reporter-output>
          </reporter-output>
        </test-method> <!-- getResult -->
        <test-method status="PASS" signature="CreateUserTest()[pri:2, instance:Testcases.UsersTestE2E@5e3f861]" name="CreateUserTest" duration-ms="8463" started-at="2020-03-07T15:05:15Z" description="Create User Test" finished-at="2020-03-07T15:05:23Z">
          <reporter-output>
          </reporter-output>
        </test-method> <!-- CreateUserTest -->
        <test-method status="PASS" signature="getResult(org.testng.ITestResult)[pri:0, instance:Testcases.UsersTestE2E@5e3f861]" name="getResult" is-config="true" duration-ms="1" started-at="2020-03-07T15:05:23Z" finished-at="2020-03-07T15:05:23Z">
          <params>
            <param index="0">
              <value>
                <![CDATA[[TestResult name=CreateUserTest status=SUCCESS method=UsersTestE2E.CreateUserTest()[pri:2, instance:Testcases.UsersTestE2E@5e3f861] output={null}]]]>
              </value>
            </param>
          </params>
          <reporter-output>
          </reporter-output>
        </test-method> <!-- getResult -->
        <test-method status="PASS" signature="ValidateUserTest()[pri:3, instance:Testcases.UsersTestE2E@5e3f861]" name="ValidateUserTest" duration-ms="20987" started-at="2020-03-07T15:05:23Z" description="Validate user created" finished-at="2020-03-07T15:05:44Z">
          <reporter-output>
          </reporter-output>
        </test-method> <!-- ValidateUserTest -->
        <test-method status="PASS" signature="getResult(org.testng.ITestResult)[pri:0, instance:Testcases.UsersTestE2E@5e3f861]" name="getResult" is-config="true" duration-ms="1" started-at="2020-03-07T15:05:44Z" finished-at="2020-03-07T15:05:44Z">
          <params>
            <param index="0">
              <value>
                <![CDATA[[TestResult name=ValidateUserTest status=SUCCESS method=UsersTestE2E.ValidateUserTest()[pri:3, instance:Testcases.UsersTestE2E@5e3f861] output={null}]]]>
              </value>
            </param>
          </params>
          <reporter-output>
          </reporter-output>
        </test-method> <!-- getResult -->
        <test-method status="PASS" signature="DeleteUserTest()[pri:4, instance:Testcases.UsersTestE2E@5e3f861]" name="DeleteUserTest" duration-ms="44240" started-at="2020-03-07T15:05:44Z" description="Delete User Test" finished-at="2020-03-07T15:06:29Z">
          <reporter-output>
          </reporter-output>
        </test-method> <!-- DeleteUserTest -->
        <test-method status="PASS" signature="getResult(org.testng.ITestResult)[pri:0, instance:Testcases.UsersTestE2E@5e3f861]" name="getResult" is-config="true" duration-ms="1" started-at="2020-03-07T15:06:29Z" finished-at="2020-03-07T15:06:29Z">
          <params>
            <param index="0">
              <value>
                <![CDATA[[TestResult name=DeleteUserTest status=SUCCESS method=UsersTestE2E.DeleteUserTest()[pri:4, instance:Testcases.UsersTestE2E@5e3f861] output={null}]]]>
              </value>
            </param>
          </params>
          <reporter-output>
          </reporter-output>
        </test-method> <!-- getResult -->
        <test-method status="PASS" signature="tearDown()[pri:0, instance:Testcases.UsersTestE2E@5e3f861]" name="tearDown" is-config="true" duration-ms="2484" started-at="2020-03-07T15:06:29Z" finished-at="2020-03-07T15:06:31Z">
          <reporter-output>
          </reporter-output>
        </test-method> <!-- tearDown -->
        <test-method status="PASS" signature="closeReport()[pri:0, instance:Testcases.UsersTestE2E@5e3f861]" name="closeReport" is-config="true" duration-ms="379" started-at="2020-03-07T15:06:31Z" finished-at="2020-03-07T15:06:31Z">
          <reporter-output>
          </reporter-output>
        </test-method> <!-- closeReport -->
      </class> <!-- Testcases.UsersTestE2E -->
    </test> <!-- Default test -->
  </suite> <!-- Default suite -->
</testng-results>
